<?xml version="1.0" encoding="UTF-8"?>
<!-- Generated by org.testng.reporters.JUnitXMLReporter -->
<testsuite hostname="ISOFT-LAP048" ignored="4" name="Regression Test" tests="5" failures="0" timestamp="23 Oct 2018 08:27:49 GMT" time="10.32" errors="0">
  <testcase name="UserCanSelectSubCategoryFromMainMenu" time="1.855" classname="tests.ProductHoverMenuTest"/>
  <testcase name="UserCanUseContactUs" time="2.297" classname="tests.ContactUsTest"/>
  <testcase name="UserCanRegisterSuccssfully" time="2.602" classname="tests.UserRegistrationTestWithJavaFaker"/>
  <testcase name="RegisteredUserCanLogout" time="1.104" classname="tests.UserRegistrationTestWithJavaFaker"/>
  <testcase name="RegisteredUserCanLogin" time="1.977" classname="tests.UserRegistrationTestWithJavaFaker"/>
  <testcase name="@BeforeSuite startDriver" time="0.0" classname="tests.TestBase">
    <ignored/>
  </testcase> <!-- @BeforeSuite startDriver -->
  <testcase name="@BeforeSuite startDriver" time="0.0" classname="tests.TestBase">
    <ignored/>
  </testcase> <!-- @BeforeSuite startDriver -->
  <testcase name="@AfterSuite stopDriver" time="0.0" classname="tests.TestBase">
    <ignored/>
  </testcase> <!-- @AfterSuite stopDriver -->
  <testcase name="@AfterSuite stopDriver" time="0.0" classname="tests.TestBase">
    <ignored/>
  </testcase> <!-- @AfterSuite stopDriver -->
</testsuite> <!-- Regression Test -->
